<?xml version="1.0" encoding="UTF-8"?>
<!-- Generated by org.testng.reporters.JUnitReportReporter -->
<testsuite hostname="DESKTOP-KAQBRA4" failures="0" tests="1" name="testng.TestCases1" time="0.011" errors="0" timestamp="2025-05-04T17:54:46 IST" skipped="0">
  <testcase classname="testng.TestCases1" name="test1" time="0.011"/>
</testsuite> <!-- testng.TestCases1 -->
